[debug] [2022-10-30T22:43:29.821Z] ----------------------------------------------------------------------
[debug] [2022-10-30T22:43:29.824Z] Command:       C:\Program Files\nodejs\node.exe C:\Users\Tobias\AppData\Roaming\npm\node_modules\firebase-tools\lib\bin\firebase.js init
[debug] [2022-10-30T22:43:29.824Z] CLI Version:   11.15.0
[debug] [2022-10-30T22:43:29.824Z] Platform:      win32
[debug] [2022-10-30T22:43:29.824Z] Node Version:  v16.17.0
[debug] [2022-10-30T22:43:29.826Z] Time:          Sun Oct 30 2022 19:43:29 GMT-0300 (hora estándar de Argentina)
[debug] [2022-10-30T22:43:29.826Z] ----------------------------------------------------------------------
[debug] 
[debug] [2022-10-30T22:43:29.836Z] > command requires scopes: ["email","openid","https://www.googleapis.com/auth/cloudplatformprojects.readonly","https://www.googleapis.com/auth/firebase","https://www.googleapis.com/auth/cloud-platform"]
[debug] [2022-10-30T22:43:29.836Z] > authorizing via signed-in user (palumbotobias@gmail.com)
[info] 
     ######## #### ########  ######## ########     ###     ######  ########
     ##        ##  ##     ## ##       ##     ##  ##   ##  ##       ##
     ######    ##  ########  ######   ########  #########  ######  ######
     ##        ##  ##    ##  ##       ##     ## ##     ##       ## ##
     ##       #### ##     ## ######## ########  ##     ##  ######  ########

You're about to initialize a Firebase project in this directory:

  C:\Users\Tobias\Desktop\CH-RECT\proyecto-react

[info] 
=== Project Setup
[info] 
[info] First, let's associate this project directory with a Firebase project.
[info] You can create multiple project aliases by running firebase use --add, 
[info] but for now we'll just set up a default project.
[info] 
[debug] [2022-10-30T22:45:11.726Z] >>> [apiv2][query] GET https://firebase.googleapis.com/v1beta1/projects pageSize=100
[debug] [2022-10-30T22:45:12.349Z] <<< [apiv2][status] GET https://firebase.googleapis.com/v1beta1/projects 200
[debug] [2022-10-30T22:45:12.349Z] <<< [apiv2][body] GET https://firebase.googleapis.com/v1beta1/projects [omitted]
[info] i  Using project react-34755-tobiaspalumbo (react-34755-TobiasPalumbo) 
[info] 
=== Hosting Setup
[info] 
[info] Your public directory is the folder (relative to your project directory) that
[info] will contain Hosting assets to be uploaded with firebase deploy. If you
[info] have a build process for your assets, use your build's output directory.
[info] 
